2021-05-29 15:40:42 Server restart requested (Webinterface)
Sat, 29 May 2021 17:40:50 +0200 Server restart requested (WINDOWS)
2021-05-30 03:56:17 Server restart requested (NITRAPI)
Sun, 30 May 2021 05:56:20 +0200 Server restart requested (WINDOWS)
2021-05-31 03:56:33 Server restart requested (NITRAPI)
Mon, 31 May 2021 05:56:37 +0200 Server restart requested (WINDOWS)
2021-06-01 03:56:32 Server restart requested (NITRAPI)
Tue, 01 Jun 2021 05:56:33 +0200 Server restart requested (WINDOWS)
2021-06-02 03:56:27 Server restart requested (NITRAPI)
Wed, 02 Jun 2021 05:56:34 +0200 Server restart requested (WINDOWS)
2021-06-03 03:56:18 Server restart requested (NITRAPI)
Thu, 03 Jun 2021 05:56:23 +0200 Server restart requested (WINDOWS)
2021-06-03 14:06:25 Jeabers Killfeed Bot is restarting the server.
Thu, 03 Jun 2021 16:06:34 +0200 Server restart requested (WINDOWS)
2021-06-04 03:56:14 Server restart requested (NITRAPI)
Fri, 04 Jun 2021 05:56:23 +0200 Server restart requested (WINDOWS)
2021-06-04 04:48:30 Jeabers Killfeed Bot is restarting the server.
Fri, 04 Jun 2021 06:48:32 +0200 Server restart requested (WINDOWS)
2021-06-05 03:56:17 Server restart requested (NITRAPI)
Sat, 05 Jun 2021 05:56:25 +0200 Server restart requested (WINDOWS)
2021-06-05 21:39:41 Server restart requested (Android App);)
Sat, 05 Jun 2021 23:39:46 +0200 Server restart requested (WINDOWS)
2021-06-06 03:56:17 Server restart requested (NITRAPI)
Sun, 06 Jun 2021 05:56:25 +0200 Server restart requested (WINDOWS)
2021-06-06 05:51:09 Jeabers Killfeed Bot is restarting the server.
Sun, 06 Jun 2021 07:51:12 +0200 Server restart requested (WINDOWS)
2021-06-06 07:52:25 Jeabers Killfeed Bot is restarting the server.
Sun, 06 Jun 2021 09:52:27 +0200 Server restart requested (WINDOWS)
2021-06-07 03:56:19 Server restart requested (NITRAPI)
Mon, 07 Jun 2021 05:56:26 +0200 Server restart requested (WINDOWS)
2021-06-08 03:56:21 Server restart requested (NITRAPI)
Tue, 08 Jun 2021 05:56:27 +0200 Server restart requested (WINDOWS)
2021-06-09 02:31:34 Jeabers Killfeed Bot is restarting the server.
Wed, 09 Jun 2021 04:31:39 +0200 Server restart requested (WINDOWS)
2021-06-09 03:56:26 Server restart requested (NITRAPI)
Wed, 09 Jun 2021 05:56:27 +0200 Server restart requested (WINDOWS)
2021-06-10 03:56:39 Server restart requested (NITRAPI)
Thu, 10 Jun 2021 05:56:40 +0200 Server restart requested (WINDOWS)
2021-06-11 03:56:38 Server restart requested (NITRAPI)
Fri, 11 Jun 2021 05:56:42 +0200 Server restart requested (WINDOWS)
2021-06-11 06:28:30 Jeabers Killfeed Bot is restarting the server.
Fri, 11 Jun 2021 08:28:33 +0200 Server restart requested (WINDOWS)
